<?xml version="1.0" encoding="utf-8"?><testsuites name="pytest tests"><testsuite name="pytest" errors="0" failures="0" skipped="0" tests="16" time="3.765" timestamp="2026-06-13T05:41:39.588659+00:00" hostname="agent-env-9ba68ffa-50db-414d-b575-2ce500317f41"><testcase classname="backend.tests.test_luxe_skin_api.TestProducts" name="test_list_products" time="0.175" /><testcase classname="backend.tests.test_luxe_skin_api.TestProducts" name="test_product_detail" time="0.166" /><testcase classname="backend.tests.test_luxe_skin_api.TestProducts" name="test_product_detail_valid_slug" time="0.179" /><testcase classname="backend.tests.test_luxe_skin_api.TestProducts" name="test_product_not_found" time="0.135" /><testcase classname="backend.tests.test_luxe_skin_api.TestProducts" name="test_config" time="0.089" /><testcase classname="backend.tests.test_luxe_skin_api.TestCheckout" name="test_checkout_session_serum" time="0.746" /><testcase classname="backend.tests.test_luxe_skin_api.TestCheckout" name="test_checkout_session_cream" time="0.470" /><testcase classname="backend.tests.test_luxe_skin_api.TestCheckout" name="test_checkout_ignores_client_price" time="0.507" /><testcase classname="backend.tests.test_luxe_skin_api.TestCheckout" name="test_checkout_invalid_product" time="0.101" /><testcase classname="backend.tests.test_luxe_skin_api.TestCheckout" name="test_checkout_empty_cart" time="0.128" /><testcase classname="backend.tests.test_luxe_skin_api.TestCheckout" name="test_checkout_status" time="0.391" /><testcase classname="backend.tests.test_luxe_skin_api.TestCheckout" name="test_checkout_status_not_found" time="0.109" /><testcase classname="backend.tests.test_luxe_skin_api.TestContactNewsletter" name="test_contact_submit" time="0.131" /><testcase classname="backend.tests.test_luxe_skin_api.TestContactNewsletter" name="test_contact_invalid_email" time="0.097" /><testcase classname="backend.tests.test_luxe_skin_api.TestContactNewsletter" name="test_newsletter_requires_consent" time="0.096" /><testcase classname="backend.tests.test_luxe_skin_api.TestContactNewsletter" name="test_newsletter_success" time="0.145" /></testsuite></testsuites>